#
# There is insufficient memory for the Java Runtime Environment to continue.
# Native memory allocation (mmap) failed to map 524288000 bytes for G1 virtual space
# Possible reasons:
#   The system is out of physical RAM or swap space
#   The process is running with CompressedOops enabled, and the Java Heap may be blocking the growth of the native heap
# Possible solutions:
#   Reduce memory load on the system
#   Increase physical memory or swap space
#   Check if swap backing store is full
#   Decrease Java heap size (-Xmx/-Xms)
#   Decrease number of Java threads
#   Decrease Java thread stack sizes (-Xss)
#   Set larger code cache with -XX:ReservedCodeCacheSize=
#   JVM is running with Zero Based Compressed Oops mode in which the Java heap is
#     placed in the first 32GB address space. The Java Heap base address is the
#     maximum limit for the native heap growth. Please use -XX:HeapBaseMinAddress
#     to set the Java Heap base and to place the Java Heap above 32GB virtual address.
# This output file may be truncated or incomplete.
#
#  Out of Memory Error (os_windows.cpp:3769), pid=21920, tid=46224
#
# JRE version:  (17.0.6) (build )
# Java VM: OpenJDK 64-Bit Server VM (17.0.6+0-b2043.56-10027231, mixed mode, sharing, tiered, compressed oops, compressed class ptrs, g1 gc, windows-amd64)
# No core dump will be written. Minidumps are not enabled by default on client versions of Windows
#

---------------  S U M M A R Y ------------

Command Line: git4idea.http.GitAskPassApp Username for 'https://github.com': 

Host: AMD Ryzen 7 PRO 4750U with Radeon Graphics, 16 cores, 31G,  Windows 11 , 64 bit Build 22621 (10.0.22621.2706)
Time: Thu Nov 23 14:43:12 2023 SE Asia Standard Time elapsed time: 0.015640 seconds (0d 0h 0m 0s)

---------------  T H R E A D  ---------------

Current thread (0x000001d7e865a4c0):  JavaThread "Unknown thread" [_thread_in_vm, id=46224, stack(0x000000a754200000,0x000000a754300000)]

Stack: [0x000000a754200000,0x000000a754300000]
Native frames: (J=compiled Java code, j=interpreted, Vv=VM code, C=native code)
V  [jvm.dll+0x683c9a]
V  [jvm.dll+0x8427a4]
V  [jvm.dll+0x843f9e]
V  [jvm.dll+0x844603]
V  [jvm.dll+0x249b75]
V  [jvm.dll+0x680b69]
V  [jvm.dll+0x67505a]
V  [jvm.dll+0x309acb]
V  [jvm.dll+0x310f86]
V  [jvm.dll+0x3608ee]
V  [jvm.dll+0x360b1f]
V  [jvm.dll+0x2dfbf8]
V  [jvm.dll+0x2e0b64]
V  [jvm.dll+0x814091]
V  [jvm.dll+0x36e6a1]
V  [jvm.dll+0x7f35cc]
V  [jvm.dll+0x3f0e8f]
V  [jvm.dll+0x3f29d1]
C  [jli.dll+0x526b]
C  [ucrtbase.dll+0x29363]
C  [KERNEL32.DLL+0x1257d]
C  [ntdll.dll+0x5aa58]


---------------  P R O C E S S  ---------------

Threads class SMR info:
_java_thread_list=0x00007ffee80dc058, length=0, elements={
}

Java Threads: ( => current thread )

Other Threads:
  0x000001d7e8705890 GCTaskThread "GC Thread#0" [stack: 0x000000a754300000,0x000000a754400000] [id=33616]
  0x000001d7e87161a0 ConcurrentGCThread "G1 Main Marker" [stack: 0x000000a754400000,0x000000a754500000] [id=52828]
  0x000001d7e8716bb0 ConcurrentGCThread "G1 Conc#0" [stack: 0x000000a754500000,0x000000a754600000] [id=49012]

[error occurred during error reporting (printing all threads), id 0xc0000005, EXCEPTION_ACCESS_VIOLATION (0xc0000005) at pc=0x00007ffee7890797]

VM state: not at safepoint (not fully initialized)

VM Mutex/Monitor currently owned by a thread:  ([mutex/lock_event])
[0x000001d7e8654920] Heap_lock - owner thread: 0x000001d7e865a4c0

Heap address: 0x000000060c400000, size: 7996 MB, Compressed Oops mode: Zero based, Oop shift amount: 3

CDS archive(s) mapped at: [0x0000000000000000-0x0000000000000000-0x0000000000000000), size 0, SharedBaseAddress: 0x0000000800000000, ArchiveRelocationMode: 0.
Narrow klass base: 0x0000000000000000, Narrow klass shift: 0, Narrow klass range: 0x0

GC Precious Log:
<Empty>

Heap:
 garbage-first heap   total 0K, used 0K [0x000000060c400000, 0x0000000800000000)
  region size 4096K, 0 young (0K), 0 survivors (0K)

[error occurred during error reporting (printing heap information), id 0xc0000005, EXCEPTION_ACCESS_VIOLATION (0xc0000005) at pc=0x00007ffee7c7da89]

GC Heap History (0 events):
No events

Dll operation events (1 events):
Event: 0.011 Loaded shared library D:\Android\Android Studio\jbr\bin\java.dll

Deoptimization events (0 events):
No events

Classes unloaded (0 events):
No events

Classes redefined (0 events):
No events

Internal exceptions (0 events):
No events

VM Operations (0 events):
No events

Events (0 events):
No events


Dynamic libraries:
0x00007ff723630000 - 0x00007ff72363a000 	D:\Android\Android Studio\jbr\bin\java.exe
0x00007fff91f10000 - 0x00007fff92127000 	C:\WINDOWS\SYSTEM32\ntdll.dll
0x00007fff910d0000 - 0x00007fff91194000 	C:\WINDOWS\System32\KERNEL32.DLL
0x00007fff8f280000 - 0x00007fff8f625000 	C:\WINDOWS\System32\KERNELBASE.dll
0x00007fff8f7c0000 - 0x00007fff8f8d1000 	C:\WINDOWS\System32\ucrtbase.dll
0x00007fff73290000 - 0x00007fff732a7000 	D:\Android\Android Studio\jbr\bin\jli.dll
0x00007fff80480000 - 0x00007fff8049b000 	D:\Android\Android Studio\jbr\bin\VCRUNTIME140.dll
0x00007fff90e00000 - 0x00007fff90fae000 	C:\WINDOWS\System32\USER32.dll
0x00007fff8fb10000 - 0x00007fff8fb36000 	C:\WINDOWS\System32\win32u.dll
0x00007fff7c340000 - 0x00007fff7c5d3000 	C:\WINDOWS\WinSxS\amd64_microsoft.windows.common-controls_6595b64144ccf1df_6.0.22621.2706_none_270c5aa17388e1a2\COMCTL32.dll
0x00007fff91ea0000 - 0x00007fff91ec9000 	C:\WINDOWS\System32\GDI32.dll
0x00007fff91d40000 - 0x00007fff91de7000 	C:\WINDOWS\System32\msvcrt.dll
0x00007fff8f630000 - 0x00007fff8f749000 	C:\WINDOWS\System32\gdi32full.dll
0x00007fff8fb40000 - 0x00007fff8fbda000 	C:\WINDOWS\System32\msvcp_win.dll
0x00007fff919b0000 - 0x00007fff919e1000 	C:\WINDOWS\System32\IMM32.DLL
0x00007fff8a160000 - 0x00007fff8a16c000 	D:\Android\Android Studio\jbr\bin\vcruntime140_1.dll
0x00007fff5b080000 - 0x00007fff5b10d000 	D:\Android\Android Studio\jbr\bin\msvcp140.dll
0x00007ffee75a0000 - 0x00007ffee820e000 	D:\Android\Android Studio\jbr\bin\server\jvm.dll
0x00007fff90530000 - 0x00007fff905e1000 	C:\WINDOWS\System32\ADVAPI32.dll
0x00007fff91c90000 - 0x00007fff91d36000 	C:\WINDOWS\System32\sechost.dll
0x00007fff90fb0000 - 0x00007fff910c7000 	C:\WINDOWS\System32\RPCRT4.dll
0x00007fff7c600000 - 0x00007fff7c609000 	C:\WINDOWS\SYSTEM32\WSOCK32.dll
0x00007fff86cb0000 - 0x00007fff86ce4000 	C:\WINDOWS\SYSTEM32\WINMM.dll
0x00007fff87070000 - 0x00007fff8707a000 	C:\WINDOWS\SYSTEM32\VERSION.dll
0x00007fff91c10000 - 0x00007fff91c81000 	C:\WINDOWS\System32\WS2_32.dll
0x00007fff8e1a0000 - 0x00007fff8e1b8000 	C:\WINDOWS\SYSTEM32\kernel.appcore.dll
0x00007fff803f0000 - 0x00007fff803fa000 	D:\Android\Android Studio\jbr\bin\jimage.dll
0x00007fff8cda0000 - 0x00007fff8cfd3000 	C:\WINDOWS\SYSTEM32\DBGHELP.DLL
0x00007fff90730000 - 0x00007fff90ab9000 	C:\WINDOWS\System32\combase.dll
0x00007fff90600000 - 0x00007fff906d7000 	C:\WINDOWS\System32\OLEAUT32.dll
0x00007fff78f20000 - 0x00007fff78f52000 	C:\WINDOWS\SYSTEM32\dbgcore.DLL
0x00007fff8fbe0000 - 0x00007fff8fc5a000 	C:\WINDOWS\System32\bcryptPrimitives.dll
0x00007fff803c0000 - 0x00007fff803e5000 	D:\Android\Android Studio\jbr\bin\java.dll

dbghelp: loaded successfully - version: 4.0.5 - missing functions: none
symbol engine: initialized successfully - sym options: 0x614 - pdb path: .;D:\Android\Android Studio\jbr\bin;C:\WINDOWS\SYSTEM32;C:\WINDOWS\WinSxS\amd64_microsoft.windows.common-controls_6595b64144ccf1df_6.0.22621.2706_none_270c5aa17388e1a2;D:\Android\Android Studio\jbr\bin\server

VM Arguments:
java_command: git4idea.http.GitAskPassApp Username for 'https://github.com': 
java_class_path (initial): D:/Android/Android Studio/plugins/vcs-git/lib/git4idea-rt.jar;D:/Android/Android Studio/lib/externalProcess-rt.jar;D:/Android/Android Studio/lib/app.jar;D:/Android/Android Studio/lib/3rd-party-rt.jar
Launcher Type: SUN_STANDARD

[Global flags]
     intx CICompilerCount                          = 12                                        {product} {ergonomic}
     uint ConcGCThreads                            = 3                                         {product} {ergonomic}
     uint G1ConcRefinementThreads                  = 13                                        {product} {ergonomic}
   size_t G1HeapRegionSize                         = 4194304                                   {product} {ergonomic}
    uintx GCDrainStackTargetSize                   = 64                                        {product} {ergonomic}
   size_t InitialHeapSize                          = 524288000                                 {product} {ergonomic}
   size_t MarkStackSize                            = 4194304                                   {product} {ergonomic}
   size_t MaxHeapSize                              = 8384413696                                {product} {ergonomic}
   size_t MinHeapDeltaBytes                        = 4194304                                   {product} {ergonomic}
   size_t MinHeapSize                              = 8388608                                   {product} {ergonomic}
    uintx NonNMethodCodeHeapSize                   = 7602480                                {pd product} {ergonomic}
    uintx NonProfiledCodeHeapSize                  = 122027880                              {pd product} {ergonomic}
    uintx ProfiledCodeHeapSize                     = 122027880                              {pd product} {ergonomic}
    uintx ReservedCodeCacheSize                    = 251658240                              {pd product} {ergonomic}
     bool SegmentedCodeCache                       = true                                      {product} {ergonomic}
   size_t SoftMaxHeapSize                          = 8384413696                             {manageable} {ergonomic}
     bool UseCompressedClassPointers               = true                           {product lp64_product} {ergonomic}
     bool UseCompressedOops                        = true                           {product lp64_product} {ergonomic}
     bool UseG1GC                                  = true                                      {product} {ergonomic}
     bool UseLargePagesIndividualAllocation        = false                                  {pd product} {ergonomic}

Logging:
Log output configuration:
 #0: stdout all=warning uptime,level,tags
 #1: stderr all=off uptime,level,tags

Environment Variables:
JAVA_HOME=D:\Java\jdk1.8.0_202\bin
PATH=D:/Git/mingw64/libexec/git-core;D:/Git/mingw64/libexec/git-core;D:\Git\mingw64\bin;D:\Git\usr\bin;C:\Users\thamt\bin;C:\Program Files\Microsoft\jdk-11.0.16.101-hotspot\bin;D:\VMware Workstation\bin\;C:\WINDOWS\system32;C:\WINDOWS;C:\WINDOWS\System32\Wbem;C:\WINDOWS\System32\WindowsPowerShell\v1.0\;C:\WINDOWS\System32\OpenSSH\;C:\Program Files\Microsoft SQL Server\150\Tools\Binn\;D:\PuTTY\;D:\nodejs\;C:\Program Files\dotnet\;D:\Git\cmd;D:\hadoop-3.3.6\bin;D:\hadoop-3.3.6\sbin;C:\Users\thamt\AppData\Local\Microsoft\WindowsApps;D:\Microsoft VS Code\bin;D:\Dev-Cpp\MinGW64\bin;C:\Users\thamt\AppData\Local\Packages\PythonSoftwareFoundation.Python.3.11_qbz5n2kfra8p0\LocalCache\local-packages\Python311\Scripts;C:\Users\thamt\AppData\Roaming\npm;D:\Android\android-sdk\platform-tools\;C:\Users\thamt\.dotnet\tools;C:\Program Files\dotnet;C:\Program Files\dotnet\sdk;C:\Users\thamt\AppData\Local\GitHubDesktop\bin
USERNAME=thamt
DISPLAY=:0.0
LC_ALL=en_US.UTF-8
TERM=xterm-256color
TMPDIR=C:\Users\thamt\AppData\Local\Temp
OS=Windows_NT
PROCESSOR_IDENTIFIER=AMD64 Family 23 Model 96 Stepping 1, AuthenticAMD
TMP=C:\Users\thamt\AppData\Local\Temp
TEMP=C:\Users\thamt\AppData\Local\Temp


JNI global refs:

[error occurred during error reporting (JNI global references), id 0xc0000005, EXCEPTION_ACCESS_VIOLATION (0xc0000005) at pc=0x00007ffee7657a10]


---------------  S Y S T E M  ---------------

OS:
 Windows 11 , 64 bit Build 22621 (10.0.22621.2706)
OS uptime: 2 days 6:07 hours
Hyper-V role detected

CPU: total 16 (initial active 16) (16 cores per cpu, 2 threads per core) family 23 model 96 stepping 1 microcode 0x0, cx8, cmov, fxsr, ht, mmx, 3dnowpref, sse, sse2, sse3, ssse3, sse4a, sse4.1, sse4.2, popcnt, lzcnt, tsc, tscinvbit, avx, avx2, aes, clmul, bmi1, bmi2, adx, sha, fma, vzeroupper, clflush, clflushopt, hv

Memory: 4k page, system-wide physical 31975M (10483M free)
TotalPageFile size 31975M (AvailPageFile size 182M)
current process WorkingSet (physical memory assigned to process): 11M, peak: 11M
current process commit charge ("private bytes"): 70M, peak: 570M

vm_info: OpenJDK 64-Bit Server VM (17.0.6+0-b2043.56-10027231) for windows-amd64 JRE (17.0.6+0-b2043.56-10027231), built on Apr 28 2023 00:43:19 by "androidbuild" with MS VC++ 16.10 / 16.11 (VS2019)

END.
