#
# There is insufficient memory for the Java Runtime Environment to continue.
# Native memory allocation (mmap) failed to map 524288000 bytes for G1 virtual space
# Possible reasons:
#   The system is out of physical RAM or swap space
#   The process is running with CompressedOops enabled, and the Java Heap may be blocking the growth of the native heap
# Possible solutions:
#   Reduce memory load on the system
#   Increase physical memory or swap space
#   Check if swap backing store is full
#   Decrease Java heap size (-Xmx/-Xms)
#   Decrease number of Java threads
#   Decrease Java thread stack sizes (-Xss)
#   Set larger code cache with -XX:ReservedCodeCacheSize=
#   JVM is running with Zero Based Compressed Oops mode in which the Java heap is
#     placed in the first 32GB address space. The Java Heap base address is the
#     maximum limit for the native heap growth. Please use -XX:HeapBaseMinAddress
#     to set the Java Heap base and to place the Java Heap above 32GB virtual address.
# This output file may be truncated or incomplete.
#
#  Out of Memory Error (os_windows.cpp:3769), pid=27152, tid=20904
#
# JRE version:  (17.0.6) (build )
# Java VM: OpenJDK 64-Bit Server VM (17.0.6+0-b2043.56-10027231, mixed mode, sharing, tiered, compressed oops, compressed class ptrs, g1 gc, windows-amd64)
# No core dump will be written. Minidumps are not enabled by default on client versions of Windows
#

---------------  S U M M A R Y ------------

Command Line: git4idea.http.GitAskPassApp Username for 'https://github.com': 

Host: AMD Ryzen 7 PRO 4750U with Radeon Graphics, 16 cores, 31G,  Windows 11 , 64 bit Build 22621 (10.0.22621.2483)
Time: Sat Nov  4 10:50:53 2023 SE Asia Standard Time elapsed time: 0.022218 seconds (0d 0h 0m 0s)

---------------  T H R E A D  ---------------

Current thread (0x000002b5ce957830):  JavaThread "Unknown thread" [_thread_in_vm, id=20904, stack(0x000000bdabb00000,0x000000bdabc00000)]

Stack: [0x000000bdabb00000,0x000000bdabc00000]
Native frames: (J=compiled Java code, j=interpreted, Vv=VM code, C=native code)
V  [jvm.dll+0x683c9a]
V  [jvm.dll+0x8427a4]
V  [jvm.dll+0x843f9e]
V  [jvm.dll+0x844603]
V  [jvm.dll+0x249b75]
V  [jvm.dll+0x680b69]
V  [jvm.dll+0x67505a]
V  [jvm.dll+0x309acb]
V  [jvm.dll+0x310f86]
V  [jvm.dll+0x3608ee]
V  [jvm.dll+0x360b1f]
V  [jvm.dll+0x2dfbf8]
V  [jvm.dll+0x2e0b64]
V  [jvm.dll+0x814091]
V  [jvm.dll+0x36e6a1]
V  [jvm.dll+0x7f35cc]
V  [jvm.dll+0x3f0e8f]
V  [jvm.dll+0x3f29d1]
C  [jli.dll+0x526b]
C  [ucrtbase.dll+0x29363]
C  [KERNEL32.DLL+0x1257d]
C  [ntdll.dll+0x5aa58]


---------------  P R O C E S S  ---------------

Threads class SMR info:
_java_thread_list=0x00007ff8a4e4c058, length=0, elements={
}

Java Threads: ( => current thread )

Other Threads:
  0x000002b5cea01650 GCTaskThread "GC Thread#0" [stack: 0x000000bdabc00000,0x000000bdabd00000] [id=21364]
  0x000002b5cea0e0e0 ConcurrentGCThread "G1 Main Marker" [stack: 0x000000bdabd00000,0x000000bdabe00000] [id=18452]
  0x000002b5cea0eaf0 ConcurrentGCThread "G1 Conc#0" [stack: 0x000000bdabe00000,0x000000bdabf00000] [id=16244]

[error occurred during error reporting (printing all threads), id 0xc0000005, EXCEPTION_ACCESS_VIOLATION (0xc0000005) at pc=0x00007ff8a4600797]

VM state: not at safepoint (not fully initialized)

VM Mutex/Monitor currently owned by a thread:  ([mutex/lock_event])
[0x000002b5ce952490] Heap_lock - owner thread: 0x000002b5ce957830

Heap address: 0x000000060c400000, size: 7996 MB, Compressed Oops mode: Zero based, Oop shift amount: 3

CDS archive(s) mapped at: [0x0000000000000000-0x0000000000000000-0x0000000000000000), size 0, SharedBaseAddress: 0x0000000800000000, ArchiveRelocationMode: 0.
Narrow klass base: 0x0000000000000000, Narrow klass shift: 0, Narrow klass range: 0x0

GC Precious Log:
<Empty>

Heap:
 garbage-first heap   total 0K, used 0K [0x000000060c400000, 0x0000000800000000)
  region size 4096K, 0 young (0K), 0 survivors (0K)

[error occurred during error reporting (printing heap information), id 0xc0000005, EXCEPTION_ACCESS_VIOLATION (0xc0000005) at pc=0x00007ff8a49eda89]

GC Heap History (0 events):
No events

Dll operation events (1 events):
Event: 0.015 Loaded shared library D:\Android\Android Studio\jbr\bin\java.dll

Deoptimization events (0 events):
No events

Classes unloaded (0 events):
No events

Classes redefined (0 events):
No events

Internal exceptions (0 events):
No events

VM Operations (0 events):
No events

Events (0 events):
No events


Dynamic libraries:
0x00007ff6072d0000 - 0x00007ff6072da000 	D:\Android\Android Studio\jbr\bin\java.exe
0x00007ff946c70000 - 0x00007ff946e87000 	C:\WINDOWS\SYSTEM32\ntdll.dll
0x00007ff945780000 - 0x00007ff945844000 	C:\WINDOWS\System32\KERNEL32.DLL
0x00007ff943ff0000 - 0x00007ff944397000 	C:\WINDOWS\System32\KERNELBASE.dll
0x00007ff944630000 - 0x00007ff944741000 	C:\WINDOWS\System32\ucrtbase.dll
0x00007ff92f050000 - 0x00007ff92f067000 	D:\Android\Android Studio\jbr\bin\jli.dll
0x00007ff90eea0000 - 0x00007ff90eebb000 	D:\Android\Android Studio\jbr\bin\VCRUNTIME140.dll
0x00007ff944cb0000 - 0x00007ff944e5e000 	C:\WINDOWS\System32\USER32.dll
0x00007ff944540000 - 0x00007ff944566000 	C:\WINDOWS\System32\win32u.dll
0x00007ff9306d0000 - 0x00007ff930963000 	C:\WINDOWS\WinSxS\amd64_microsoft.windows.common-controls_6595b64144ccf1df_6.0.22621.2483_none_2714a1b573815e84\COMCTL32.dll
0x00007ff945400000 - 0x00007ff945429000 	C:\WINDOWS\System32\GDI32.dll
0x00007ff9443a0000 - 0x00007ff9444b9000 	C:\WINDOWS\System32\gdi32full.dll
0x00007ff9448c0000 - 0x00007ff94495a000 	C:\WINDOWS\System32\msvcp_win.dll
0x00007ff945350000 - 0x00007ff9453f7000 	C:\WINDOWS\System32\msvcrt.dll
0x00007ff9462b0000 - 0x00007ff9462e1000 	C:\WINDOWS\System32\IMM32.DLL
0x00007ff91fc30000 - 0x00007ff91fc3c000 	D:\Android\Android Studio\jbr\bin\vcruntime140_1.dll
0x00007ff8a4fa0000 - 0x00007ff8a502d000 	D:\Android\Android Studio\jbr\bin\msvcp140.dll
0x00007ff8a4310000 - 0x00007ff8a4f7e000 	D:\Android\Android Studio\jbr\bin\server\jvm.dll
0x00007ff946200000 - 0x00007ff9462b0000 	C:\WINDOWS\System32\ADVAPI32.dll
0x00007ff945440000 - 0x00007ff9454e6000 	C:\WINDOWS\System32\sechost.dll
0x00007ff944b40000 - 0x00007ff944c57000 	C:\WINDOWS\System32\RPCRT4.dll
0x00007ff93b300000 - 0x00007ff93b334000 	C:\WINDOWS\SYSTEM32\WINMM.dll
0x00007ff93ec70000 - 0x00007ff93ec79000 	C:\WINDOWS\SYSTEM32\WSOCK32.dll
0x00007ff93c8d0000 - 0x00007ff93c8da000 	C:\WINDOWS\SYSTEM32\VERSION.dll
0x00007ff9460d0000 - 0x00007ff946141000 	C:\WINDOWS\System32\WS2_32.dll
0x00007ff942f50000 - 0x00007ff942f68000 	C:\WINDOWS\SYSTEM32\kernel.appcore.dll
0x00007ff934600000 - 0x00007ff93460a000 	D:\Android\Android Studio\jbr\bin\jimage.dll
0x00007ff941980000 - 0x00007ff941bb3000 	C:\WINDOWS\SYSTEM32\DBGHELP.DLL
0x00007ff944e70000 - 0x00007ff9451f9000 	C:\WINDOWS\System32\combase.dll
0x00007ff9454f0000 - 0x00007ff9455c7000 	C:\WINDOWS\System32\OLEAUT32.dll
0x00007ff92d4c0000 - 0x00007ff92d4f2000 	C:\WINDOWS\SYSTEM32\dbgcore.DLL
0x00007ff9444c0000 - 0x00007ff94453a000 	C:\WINDOWS\System32\bcryptPrimitives.dll
0x00007ff9345d0000 - 0x00007ff9345f5000 	D:\Android\Android Studio\jbr\bin\java.dll

dbghelp: loaded successfully - version: 4.0.5 - missing functions: none
symbol engine: initialized successfully - sym options: 0x614 - pdb path: .;D:\Android\Android Studio\jbr\bin;C:\WINDOWS\SYSTEM32;C:\WINDOWS\WinSxS\amd64_microsoft.windows.common-controls_6595b64144ccf1df_6.0.22621.2483_none_2714a1b573815e84;D:\Android\Android Studio\jbr\bin\server

VM Arguments:
java_command: git4idea.http.GitAskPassApp Username for 'https://github.com': 
java_class_path (initial): D:/Android/Android Studio/plugins/vcs-git/lib/git4idea-rt.jar;D:/Android/Android Studio/lib/externalProcess-rt.jar;D:/Android/Android Studio/lib/app.jar;D:/Android/Android Studio/lib/3rd-party-rt.jar
Launcher Type: SUN_STANDARD

[Global flags]
     intx CICompilerCount                          = 12                                        {product} {ergonomic}
     uint ConcGCThreads                            = 3                                         {product} {ergonomic}
     uint G1ConcRefinementThreads                  = 13                                        {product} {ergonomic}
   size_t G1HeapRegionSize                         = 4194304                                   {product} {ergonomic}
    uintx GCDrainStackTargetSize                   = 64                                        {product} {ergonomic}
   size_t InitialHeapSize                          = 524288000                                 {product} {ergonomic}
   size_t MarkStackSize                            = 4194304                                   {product} {ergonomic}
   size_t MaxHeapSize                              = 8384413696                                {product} {ergonomic}
   size_t MinHeapDeltaBytes                        = 4194304                                   {product} {ergonomic}
   size_t MinHeapSize                              = 8388608                                   {product} {ergonomic}
    uintx NonNMethodCodeHeapSize                   = 7602480                                {pd product} {ergonomic}
    uintx NonProfiledCodeHeapSize                  = 122027880                              {pd product} {ergonomic}
    uintx ProfiledCodeHeapSize                     = 122027880                              {pd product} {ergonomic}
    uintx ReservedCodeCacheSize                    = 251658240                              {pd product} {ergonomic}
     bool SegmentedCodeCache                       = true                                      {product} {ergonomic}
   size_t SoftMaxHeapSize                          = 8384413696                             {manageable} {ergonomic}
     bool UseCompressedClassPointers               = true                           {product lp64_product} {ergonomic}
     bool UseCompressedOops                        = true                           {product lp64_product} {ergonomic}
     bool UseG1GC                                  = true                                      {product} {ergonomic}
     bool UseLargePagesIndividualAllocation        = false                                  {pd product} {ergonomic}

Logging:
Log output configuration:
 #0: stdout all=warning uptime,level,tags
 #1: stderr all=off uptime,level,tags

Environment Variables:
PATH=D:/Git/mingw64/libexec/git-core;D:/Git/mingw64/libexec/git-core;D:\Git\mingw64\bin;D:\Git\usr\bin;C:\Users\thamt\bin;C:\Program Files\Microsoft\jdk-11.0.16.101-hotspot\bin;D:\VMware Workstation\bin\;C:\WINDOWS\system32;C:\WINDOWS;C:\WINDOWS\System32\Wbem;C:\WINDOWS\System32\WindowsPowerShell\v1.0\;C:\WINDOWS\System32\OpenSSH\;C:\Program Files\Microsoft SQL Server\150\Tools\Binn\;D:\PuTTY\;D:\nodejs\;C:\Program Files\dotnet\;D:\Git\cmd;C:\Users\thamt\AppData\Local\Microsoft\WindowsApps;D:\Microsoft VS Code\bin;D:\Dev-Cpp\MinGW64\bin;C:\Users\thamt\AppData\Local\Packages\PythonSoftwareFoundation.Python.3.11_qbz5n2kfra8p0\LocalCache\local-packages\Python311\Scripts;C:\Users\thamt\AppData\Roaming\npm;D:\Android\android-sdk\platform-tools\;C:\Users\thamt\.dotnet\tools;C:\Program Files\dotnet;C:\Program Files\dotnet\sdk;C:\Users\thamt\AppData\Local\GitHubDesktop\bin
USERNAME=thamt
DISPLAY=:0.0
LC_ALL=en_US.UTF-8
TERM=xterm-256color
TMPDIR=C:\Users\thamt\AppData\Local\Temp
OS=Windows_NT
PROCESSOR_IDENTIFIER=AMD64 Family 23 Model 96 Stepping 1, AuthenticAMD
TMP=C:\Users\thamt\AppData\Local\Temp
TEMP=C:\Users\thamt\AppData\Local\Temp


JNI global refs:

[error occurred during error reporting (JNI global references), id 0xc0000005, EXCEPTION_ACCESS_VIOLATION (0xc0000005) at pc=0x00007ff8a43c7a10]


---------------  S Y S T E M  ---------------

OS:
 Windows 11 , 64 bit Build 22621 (10.0.22621.2483)
OS uptime: 0 days 21:42 hours
Hyper-V role detected

CPU: total 16 (initial active 16) (16 cores per cpu, 2 threads per core) family 23 model 96 stepping 1 microcode 0x0, cx8, cmov, fxsr, ht, mmx, 3dnowpref, sse, sse2, sse3, ssse3, sse4a, sse4.1, sse4.2, popcnt, lzcnt, tsc, tscinvbit, avx, avx2, aes, clmul, bmi1, bmi2, adx, sha, fma, vzeroupper, clflush, clflushopt, hv

Memory: 4k page, system-wide physical 31975M (8744M free)
TotalPageFile size 31975M (AvailPageFile size 415M)
current process WorkingSet (physical memory assigned to process): 12M, peak: 12M
current process commit charge ("private bytes"): 71M, peak: 570M

vm_info: OpenJDK 64-Bit Server VM (17.0.6+0-b2043.56-10027231) for windows-amd64 JRE (17.0.6+0-b2043.56-10027231), built on Apr 28 2023 00:43:19 by "androidbuild" with MS VC++ 16.10 / 16.11 (VS2019)

END.
